<?xml version="1.0" encoding="UTF-8"?>
<!-- Generated by org.testng.reporters.JUnitReportReporter -->
<testsuite skipped="0" hostname="DESKTOP-A15AP0F" name="com.amazon.testCases.TC_002_Amazon" tests="1" failures="0" timestamp="2021-09-23T13:08:53 IST" time="203.205" errors="0">
  <testcase name="tc_002_add_more_items_and_validate" time="203.205" classname="com.amazon.testCases.TC_002_Amazon"/>
  <system-out/>
</testsuite> <!-- com.amazon.testCases.TC_002_Amazon -->
