<?xml version="1.0" encoding="UTF-8"?>
<!-- Generated by org.testng.reporters.JUnitReportReporter -->
<testsuite skipped="1" hostname="DESKTOP-A15AP0F" name="com.amazon.testCases.TC_001_Amazon" tests="1" failures="0" timestamp="2021-09-23T12:44:17 IST" time="0.000" errors="0">
  <testcase name="tc_01_add_One_Item_In_Cart_and_Validate_the_item" time="0.000" classname="com.amazon.testCases.TC_001_Amazon">
    <skipped/>
  </testcase> <!-- tc_01_add_One_Item_In_Cart_and_Validate_the_item -->
  <system-out/>
</testsuite> <!-- com.amazon.testCases.TC_001_Amazon -->
