<?xml version="1.0" encoding="UTF-8"?>
<!-- Generated by org.testng.reporters.JUnitReportReporter -->
<testsuite skipped="0" hostname="DESKTOP-A15AP0F" name="com.amazon.testCases.TC_001_Amazon" tests="5" failures="0" timestamp="2021-09-23T17:16:05 IST" time="265.809" errors="0">
  <testcase name="tc_01_add_One_Item_In_Cart_and_Validate_the_item" time="63.912" classname="com.amazon.testCases.TC_001_Amazon"/>
  <system-out/>
  <testcase name="tc_01_add_One_Item_In_Cart_and_Validate_the_item" time="30.392" classname="com.amazon.testCases.TC_001_Amazon"/>
  <system-out/>
  <testcase name="tc_01_add_One_Item_In_Cart_and_Validate_the_item" time="44.799" classname="com.amazon.testCases.TC_001_Amazon"/>
  <system-out/>
  <testcase name="tc_01_add_One_Item_In_Cart_and_Validate_the_item" time="70.432" classname="com.amazon.testCases.TC_001_Amazon"/>
  <system-out/>
  <testcase name="tc_01_add_One_Item_In_Cart_and_Validate_the_item" time="56.274" classname="com.amazon.testCases.TC_001_Amazon"/>
  <system-out/>
</testsuite> <!-- com.amazon.testCases.TC_001_Amazon -->
