<?xml version="1.0" encoding="UTF-8"?>
<!-- Generated by org.testng.reporters.JUnitReportReporter -->
<testsuite skipped="0" hostname="DESKTOP-A15AP0F" name="com.amazon.testCases.TC_002_Amazon" tests="2" failures="0" timestamp="2021-09-23T16:37:33 IST" time="101.363" errors="0">
  <testcase name="tc_002_add_more_items_and_validate" time="47.579" classname="com.amazon.testCases.TC_002_Amazon"/>
  <system-out/>
  <testcase name="tc_002_add_more_items_and_validate" time="53.784" classname="com.amazon.testCases.TC_002_Amazon"/>
  <system-out/>
</testsuite> <!-- com.amazon.testCases.TC_002_Amazon -->
