<?xml version="1.0" encoding="UTF-8"?>
<!-- Generated by org.testng.reporters.JUnitReportReporter -->
<testsuite skipped="0" hostname="DESKTOP-A15AP0F" name="com.amazon.testCases.TC_002_Amazon" tests="5" failures="0" timestamp="2021-09-23T17:46:53 IST" time="223.710" errors="0">
  <testcase name="tc_002_add_more_items_and_validate" time="41.787" classname="com.amazon.testCases.TC_002_Amazon"/>
  <system-out/>
  <testcase name="tc_002_add_more_items_and_validate" time="44.834" classname="com.amazon.testCases.TC_002_Amazon"/>
  <system-out/>
  <testcase name="tc_002_add_more_items_and_validate" time="45.723" classname="com.amazon.testCases.TC_002_Amazon"/>
  <system-out/>
  <testcase name="tc_002_add_more_items_and_validate" time="49.324" classname="com.amazon.testCases.TC_002_Amazon"/>
  <system-out/>
  <testcase name="tc_002_add_more_items_and_validate" time="42.042" classname="com.amazon.testCases.TC_002_Amazon"/>
  <system-out/>
</testsuite> <!-- com.amazon.testCases.TC_002_Amazon -->
