<?xml version="1.0" encoding="UTF-8"?>
<!-- Generated by org.testng.reporters.JUnitReportReporter -->
<testsuite skipped="0" hostname="DESKTOP-A15AP0F" name="com.amazon.testCases.TC_001_Amazon" tests="5" failures="0" timestamp="2021-09-23T17:46:53 IST" time="156.351" errors="0">
  <testcase name="tc_01_add_One_Item_In_Cart_and_Validate_the_item" time="26.799" classname="com.amazon.testCases.TC_001_Amazon"/>
  <system-out/>
  <testcase name="tc_01_add_One_Item_In_Cart_and_Validate_the_item" time="29.368" classname="com.amazon.testCases.TC_001_Amazon"/>
  <system-out/>
  <testcase name="tc_01_add_One_Item_In_Cart_and_Validate_the_item" time="27.122" classname="com.amazon.testCases.TC_001_Amazon"/>
  <system-out/>
  <testcase name="tc_01_add_One_Item_In_Cart_and_Validate_the_item" time="32.942" classname="com.amazon.testCases.TC_001_Amazon"/>
  <system-out/>
  <testcase name="tc_01_add_One_Item_In_Cart_and_Validate_the_item" time="40.120" classname="com.amazon.testCases.TC_001_Amazon"/>
  <system-out/>
</testsuite> <!-- com.amazon.testCases.TC_001_Amazon -->
